{"C:\\Users\\qmeli\\OneDrive\\Escritorio\\webstorm projects\\React native projects\\RN_BarcodeReader\\.eslintrc.js": {"path":"C:\\Users\\qmeli\\OneDrive\\Escritorio\\webstorm projects\\React native projects\\RN_BarcodeReader\\.eslintrc.js","statementMap":{"0":{"start":{"line":1,"column":0},"end":{"line":39,"column":2}}},"fnMap":{},"branchMap":{},"s":{"0":0},"f":{},"b":{}}
,"C:\\Users\\qmeli\\OneDrive\\Escritorio\\webstorm projects\\React native projects\\RN_BarcodeReader\\src\\constants\\expoConstants.js": {"path":"C:\\Users\\qmeli\\OneDrive\\Escritorio\\webstorm projects\\React native projects\\RN_BarcodeReader\\src\\constants\\expoConstants.js","statementMap":{"0":{"start":{"line":4,"column":25},"end":{"line":4,"column":50}},"1":{"start":{"line":5,"column":21},"end":{"line":5,"column":51}},"2":{"start":{"line":6,"column":22},"end":{"line":6,"column":53}},"3":{"start":{"line":7,"column":27},"end":{"line":7,"column":57}},"4":{"start":{"line":8,"column":28},"end":{"line":8,"column":31}},"5":{"start":{"line":9,"column":35},"end":{"line":9,"column":38}},"6":{"start":{"line":10,"column":25},"end":{"line":10,"column":29}}},"fnMap":{},"branchMap":{},"s":{"0":0,"1":0,"2":0,"3":0,"4":0,"5":0,"6":0},"f":{},"b":{}}
,"C:\\Users\\qmeli\\OneDrive\\Escritorio\\webstorm projects\\React native projects\\RN_BarcodeReader\\src\\constants\\styles_sheet.js": {"path":"C:\\Users\\qmeli\\OneDrive\\Escritorio\\webstorm projects\\React native projects\\RN_BarcodeReader\\src\\constants\\styles_sheet.js","statementMap":{"0":{"start":{"line":3,"column":22},"end":{"line":28,"column":1}},"1":{"start":{"line":29,"column":23},"end":{"line":29,"column":25}},"2":{"start":{"line":30,"column":28},"end":{"line":30,"column":29}},"3":{"start":{"line":31,"column":23},"end":{"line":31,"column":25}},"4":{"start":{"line":32,"column":31},"end":{"line":32,"column":33}},"5":{"start":{"line":34,"column":28},"end":{"line":64,"column":2}}},"fnMap":{},"branchMap":{},"s":{"0":0,"1":0,"2":0,"3":0,"4":0,"5":0},"f":{},"b":{}}
,"C:\\Users\\qmeli\\OneDrive\\Escritorio\\webstorm projects\\React native projects\\RN_BarcodeReader\\src\\translate\\index.js": {"path":"C:\\Users\\qmeli\\OneDrive\\Escritorio\\webstorm projects\\React native projects\\RN_BarcodeReader\\src\\translate\\index.js","statementMap":{"0":{"start":{"line":4,"column":19},"end":{"line":4,"column":70}},"1":{"start":{"line":6,"column":13},"end":{"line":6,"column":33}},"2":{"start":{"line":7,"column":0},"end":{"line":7,"column":27}},"3":{"start":{"line":8,"column":0},"end":{"line":8,"column":29}},"4":{"start":{"line":9,"column":0},"end":{"line":9,"column":34}},"5":{"start":{"line":10,"column":0},"end":{"line":10,"column":22}},"6":{"start":{"line":11,"column":0},"end":{"line":11,"column":31}}},"fnMap":{},"branchMap":{},"s":{"0":0,"1":0,"2":0,"3":0,"4":0,"5":0,"6":0},"f":{},"b":{}}
}
